Build started 2018/9/5 21:31:15.
     1>Project "E:\leetcode\array\array\array.vcxproj" on node 2 (Build target(s)).
     1>ClCompile:
         D:\Program Files (x86)\Microsoft Visual Studio 11.0\VC\bin\CL.exe /c /ID:\glad\include\KHR /ID:\glad\include\glad /I"D:\glfw-3.2.1.bin.WIN32\include\GLFW" /I"D:\glfw-3.2.1.bin.WIN32\lib-vc2012" /ID:\QT\Qt5.3.0\5.3\msvc2012_opengl\include /ZI /nologo /W3 /WX- /Od /Oy- /D WIN32 /D _DEBUG /D _CONSOLE /D _UNICODE /D UNICODE /Gm /EHsc /RTC1 /MDd /GS /fp:precise /Zc:wchar_t /Zc:forScope /Fo"Debug\\" /Fd"Debug\vc110.pdb" /Gd /TP /analyze- /errorReport:prompt 3Sum.cpp ContainerWithMostWater.cpp FindFirstandLastPositionofElementinSortedArray.cpp MergeIntervals.cpp RemoveDuplicatesfromSortedArray.cpp RemoveElement.cpp twoSum.cpp
         twoSum.cpp
     1>e:\leetcode\array\array\twosum.cpp(10): warning C4018: '<' : signed/unsigned mismatch
     1>e:\leetcode\array\array\twosum.cpp(13): warning C4018: '<' : signed/unsigned mismatch
     1>e:\leetcode\array\array\twosum.cpp(28): error C2011: 'Solution' : 'class' type redefinition
                 e:\leetcode\array\array\twosum.cpp(5) : see declaration of 'Solution'
         RemoveElement.cpp
     1>e:\leetcode\array\array\removeelement.cpp(3): error C2061: syntax error : identifier 'vector'
     1>e:\leetcode\array\array\removeelement.cpp(5): error C2065: 'nums' : undeclared identifier
     1>e:\leetcode\array\array\removeelement.cpp(5): error C2228: left of '.size' must have class/struct/union
                 type is ''unknown-type''
     1>e:\leetcode\array\array\removeelement.cpp(6): error C2065: 'nums' : undeclared identifier
     1>e:\leetcode\array\array\removeelement.cpp(6): error C2228: left of '.size' must have class/struct/union
                 type is ''unknown-type''
     1>e:\leetcode\array\array\removeelement.cpp(8): error C2065: 'nums' : undeclared identifier
     1>e:\leetcode\array\array\removeelement.cpp(8): error C2065: 'val' : undeclared identifier
     1>e:\leetcode\array\array\removeelement.cpp(10): error C2065: 'nums' : undeclared identifier
         RemoveDuplicatesfromSortedArray.cpp
     1>e:\leetcode\array\array\removeduplicatesfromsortedarray.cpp(12): warning C4018: '<' : signed/unsigned mismatch
         MergeIntervals.cpp
     1>e:\leetcode\array\array\mergeintervals.cpp(29): warning C4018: '<' : signed/unsigned mismatch
     1>e:\leetcode\array\array\mergeintervals.cpp(36): error C3867: 'std::vector<_Ty>::end': function call missing argument list; use '&std::vector<_Ty>::end' to create a pointer to member
                 with
                 [
                     _Ty=Interval
                 ]
     1>e:\leetcode\array\array\mergeintervals.cpp(38): error C3867: 'std::vector<_Ty>::end': function call missing argument list; use '&std::vector<_Ty>::end' to create a pointer to member
                 with
                 [
                     _Ty=Interval
                 ]
     1>e:\leetcode\array\array\mergeintervals.cpp(38): error C2440: '=' : cannot convert from 'overloaded-function' to 'int'
         FindFirstandLastPositionofElementinSortedArray.cpp
     1>e:\leetcode\array\array\findfirstandlastpositionofelementinsortedarray.cpp(3): error C2143: syntax error : missing ';' before '<'
     1>e:\leetcode\array\array\findfirstandlastpositionofelementinsortedarray.cpp(3): error C4430: missing type specifier - int assumed. Note: C++ does not support default-int
     1>e:\leetcode\array\array\findfirstandlastpositionofelementinsortedarray.cpp(3): error C2334: unexpected token(s) preceding '{'; skipping apparent function body
         ContainerWithMostWater.cpp
     1>e:\leetcode\array\array\containerwithmostwater.cpp(3): error C2061: syntax error : identifier 'vector'
     1>e:\leetcode\array\array\containerwithmostwater.cpp(5): error C2065: 'height' : undeclared identifier
     1>e:\leetcode\array\array\containerwithmostwater.cpp(5): error C2228: left of '.size' must have class/struct/union
                 type is ''unknown-type''
     1>e:\leetcode\array\array\containerwithmostwater.cpp(6): error C2065: 'height' : undeclared identifier
     1>e:\leetcode\array\array\containerwithmostwater.cpp(6): error C3861: 'min': identifier not found
     1>e:\leetcode\array\array\containerwithmostwater.cpp(9): error C2065: 'height' : undeclared identifier
     1>e:\leetcode\array\array\containerwithmostwater.cpp(16): error C2065: 'height' : undeclared identifier
     1>e:\leetcode\array\array\containerwithmostwater.cpp(16): error C3861: 'min': identifier not found
         3Sum.cpp
     1>e:\leetcode\array\array\3sum.cpp(3): error C2143: syntax error : missing ';' before '<'
     1>e:\leetcode\array\array\3sum.cpp(3): error C4430: missing type specifier - int assumed. Note: C++ does not support default-int
     1>e:\leetcode\array\array\3sum.cpp(3): error C2334: unexpected token(s) preceding '{'; skipping apparent function body
         Generating Code...
     1>Done Building Project "E:\leetcode\array\array\array.vcxproj" (Build target(s)) -- FAILED.

Build FAILED.

Time Elapsed 00:00:02.75
